# JRE version: OpenJDK Runtime Environment Temurin-17.0.11+9 (17.0.11+9) (build 17.0.11+9)
# Java VM: OpenJDK 64-Bit Server VM Temurin-17.0.11+9 (17.0.11+9, mixed mode, tiered, compressed oops, compressed class ptrs, parallel gc, windows-amd64)
GC Precious Log:
 CPUs: 4 total, 4 available
 Memory: 16225M
 Large Page Support: Disabled
 NUMA Support: Disabled
 Compressed Oops: Enabled (32-bit)
 Alignments: Space 512K, Generation 512K, Heap 2M
 Heap Min Capacity: 100M
 Heap Initial Capacity: 100M
 Heap Max Capacity: 1G
 Pre-touch: Disabled
 Parallel Workers: 4
Heap:
 PSYoungGen      total 20992K, used 5027K [0x00000000eab00000, 0x00000000ec300000, 0x0000000100000000)
  eden space 17920K, 11% used [0x00000000eab00000,0x00000000eacf0aa8,0x00000000ebc80000)
  from space 3072K, 98% used [0x00000000ebd00000,0x00000000ebff8490,0x00000000ec000000)
  to   space 3072K, 0% used [0x00000000ec000000,0x00000000ec000000,0x00000000ec300000)
 ParOldGen       total 68608K, used 42532K [0x00000000c0000000, 0x00000000c4300000, 0x00000000eab00000)
  object space 68608K, 61% used [0x00000000c0000000,0x00000000c2989290,0x00000000c4300000)
 Metaspace       used 65746K, committed 66816K, reserved 1114112K
  class space    used 7003K, committed 7488K, reserved 1048576K
GC Heap History (20 events):
Event: 12.227 GC heap before
{Heap before GC invocations=26 (full 2):
 PSYoungGen      total 24064K, used 23872K [0x00000000eab00000, 0x00000000ec480000, 0x0000000100000000)
  eden space 22016K, 100% used [0x00000000eab00000,0x00000000ec080000,0x00000000ec080000)
  from space 2048K, 90% used [0x00000000ec080000,0x00000000ec250000,0x00000000ec280000)
  to   space 2048K, 0% used [0x00000000ec280000,0x00000000ec280000,0x00000000ec480000)
 ParOldGen       total 68608K, used 30980K [0x00000000c0000000, 0x00000000c4300000, 0x00000000eab00000)
  object space 68608K, 45% used [0x00000000c0000000,0x00000000c1e41150,0x00000000c4300000)
 Metaspace       used 54509K, committed 55488K, reserved 1114112K
  class space    used 5861K, committed 6336K, reserved 1048576K
}
Event: 12.235 GC heap after
{Heap after GC invocations=26 (full 2):
 PSYoungGen      total 19968K, used 2036K [0x00000000eab00000, 0x00000000ecc80000, 0x0000000100000000)
  eden space 17920K, 0% used [0x00000000eab00000,0x00000000eab00000,0x00000000ebc80000)
  from space 2048K, 99% used [0x00000000ec280000,0x00000000ec47d010,0x00000000ec480000)
  to   space 6144K, 0% used [0x00000000ebc80000,0x00000000ebc80000,0x00000000ec280000)
 ParOldGen       total 68608K, used 34418K [0x00000000c0000000, 0x00000000c4300000, 0x00000000eab00000)
  object space 68608K, 50% used [0x00000000c0000000,0x00000000c219c950,0x00000000c4300000)
 Metaspace       used 54509K, committed 55488K, reserved 1114112K
  class space    used 5861K, committed 6336K, reserved 1048576K
}
Event: 12.723 GC heap before
{Heap before GC invocations=27 (full 2):
 PSYoungGen      total 19968K, used 19956K [0x00000000eab00000, 0x00000000ecc80000, 0x0000000100000000)
  eden space 17920K, 100% used [0x00000000eab00000,0x00000000ebc80000,0x00000000ebc80000)
  from space 2048K, 99% used [0x00000000ec280000,0x00000000ec47d010,0x00000000ec480000)
  to   space 6144K, 0% used [0x00000000ebc80000,0x00000000ebc80000,0x00000000ec280000)
 ParOldGen       total 68608K, used 34418K [0x00000000c0000000, 0x00000000c4300000, 0x00000000eab00000)
  object space 68608K, 50% used [0x00000000c0000000,0x00000000c219c950,0x00000000c4300000)
 Metaspace       used 55571K, committed 56512K, reserved 1114112K
  class space    used 6009K, committed 6464K, reserved 1048576K
}
Event: 12.726 GC heap after
{Heap after GC invocations=27 (full 2):
 PSYoungGen      total 18432K, used 408K [0x00000000eab00000, 0x00000000ec300000, 0x0000000100000000)
  eden space 17920K, 0% used [0x00000000eab00000,0x00000000eab00000,0x00000000ebc80000)
  from space 512K, 79% used [0x00000000ebc80000,0x00000000ebce6110,0x00000000ebd00000)
  to   space 2560K, 0% used [0x00000000ec080000,0x00000000ec080000,0x00000000ec300000)
 ParOldGen       total 68608K, used 36426K [0x00000000c0000000, 0x00000000c4300000, 0x00000000eab00000)
  object space 68608K, 53% used [0x00000000c0000000,0x00000000c2392be0,0x00000000c4300000)
 Metaspace       used 55571K, committed 56512K, reserved 1114112K
  class space    used 6009K, committed 6464K, reserved 1048576K
}
Event: 12.964 GC heap before
{Heap before GC invocations=28 (full 2):
 PSYoungGen      total 18432K, used 18294K [0x00000000eab00000, 0x00000000ec300000, 0x0000000100000000)
  eden space 17920K, 99% used [0x00000000eab00000,0x00000000ebc77858,0x00000000ebc80000)
  from space 512K, 79% used [0x00000000ebc80000,0x00000000ebce6110,0x00000000ebd00000)
  to   space 2560K, 0% used [0x00000000ec080000,0x00000000ec080000,0x00000000ec300000)
 ParOldGen       total 68608K, used 36426K [0x00000000c0000000, 0x00000000c4300000, 0x00000000eab00000)
  object space 68608K, 53% used [0x00000000c0000000,0x00000000c2392be0,0x00000000c4300000)
 Metaspace       used 56831K, committed 57792K, reserved 1114112K
  class space    used 6129K, committed 6592K, reserved 1048576K
}
Event: 12.967 GC heap after
{Heap after GC invocations=28 (full 2):
 PSYoungGen      total 19968K, used 1548K [0x00000000eab00000, 0x00000000ec280000, 0x0000000100000000)
  eden space 17920K, 0% used [0x00000000eab00000,0x00000000eab00000,0x00000000ebc80000)
  from space 2048K, 75% used [0x00000000ec080000,0x00000000ec203348,0x00000000ec280000)
  to   space 2048K, 0% used [0x00000000ebe80000,0x00000000ebe80000,0x00000000ec080000)
 ParOldGen       total 68608K, used 36750K [0x00000000c0000000, 0x00000000c4300000, 0x00000000eab00000)
  object space 68608K, 53% used [0x00000000c0000000,0x00000000c23e38c0,0x00000000c4300000)
 Metaspace       used 56831K, committed 57792K, reserved 1114112K
  class space    used 6129K, committed 6592K, reserved 1048576K
}
Event: 13.069 GC heap before
{Heap before GC invocations=29 (full 2):
 PSYoungGen      total 19968K, used 19468K [0x00000000eab00000, 0x00000000ec280000, 0x0000000100000000)
  eden space 17920K, 100% used [0x00000000eab00000,0x00000000ebc80000,0x00000000ebc80000)
  from space 2048K, 75% used [0x00000000ec080000,0x00000000ec203348,0x00000000ec280000)
  to   space 2048K, 0% used [0x00000000ebe80000,0x00000000ebe80000,0x00000000ec080000)
 ParOldGen       total 68608K, used 36750K [0x00000000c0000000, 0x00000000c4300000, 0x00000000eab00000)
  object space 68608K, 53% used [0x00000000c0000000,0x00000000c23e38c0,0x00000000c4300000)
 Metaspace       used 56879K, committed 57792K, reserved 1114112K
  class space    used 6130K, committed 6592K, reserved 1048576K
}
Event: 13.071 GC heap after
{Heap after GC invocations=29 (full 2):
 PSYoungGen      total 18944K, used 908K [0x00000000eab00000, 0x00000000ec100000, 0x0000000100000000)
  eden space 17920K, 0% used [0x00000000eab00000,0x00000000eab00000,0x00000000ebc80000)
  from space 1024K, 88% used [0x00000000ebe80000,0x00000000ebf63160,0x00000000ebf80000)
  to   space 1536K, 0% used [0x00000000ebf80000,0x00000000ebf80000,0x00000000ec100000)
 ParOldGen       total 68608K, used 37684K [0x00000000c0000000, 0x00000000c4300000, 0x00000000eab00000)
  object space 68608K, 54% used [0x00000000c0000000,0x00000000c24cd160,0x00000000c4300000)
 Metaspace       used 56879K, committed 57792K, reserved 1114112K
  class space    used 6130K, committed 6592K, reserved 1048576K
}
Event: 13.155 GC heap before
{Heap before GC invocations=30 (full 2):
 PSYoungGen      total 18944K, used 18828K [0x00000000eab00000, 0x00000000ec100000, 0x0000000100000000)
  eden space 17920K, 100% used [0x00000000eab00000,0x00000000ebc80000,0x00000000ebc80000)
  from space 1024K, 88% used [0x00000000ebe80000,0x00000000ebf63160,0x00000000ebf80000)
  to   space 1536K, 0% used [0x00000000ebf80000,0x00000000ebf80000,0x00000000ec100000)
 ParOldGen       total 68608K, used 37684K [0x00000000c0000000, 0x00000000c4300000, 0x00000000eab00000)
  object space 68608K, 54% used [0x00000000c0000000,0x00000000c24cd160,0x00000000c4300000)
 Metaspace       used 57486K, committed 58432K, reserved 1114112K
  class space    used 6189K, committed 6656K, reserved 1048576K
}
Event: 13.155 GC heap after
{Heap after GC invocations=30 (full 2):
 PSYoungGen      total 18432K, used 64K [0x00000000eab00000, 0x00000000ec000000, 0x0000000100000000)
  eden space 17920K, 0% used [0x00000000eab00000,0x00000000eab00000,0x00000000ebc80000)
  from space 512K, 12% used [0x00000000ebf80000,0x00000000ebf90000,0x00000000ec000000)
  to   space 512K, 0% used [0x00000000ebf00000,0x00000000ebf00000,0x00000000ebf80000)
 ParOldGen       total 68608K, used 37700K [0x00000000c0000000, 0x00000000c4300000, 0x00000000eab00000)
  object space 68608K, 54% used [0x00000000c0000000,0x00000000c24d1160,0x00000000c4300000)
 Metaspace       used 57486K, committed 58432K, reserved 1114112K
  class space    used 6189K, committed 6656K, reserved 1048576K
}
Event: 13.328 GC heap before
{Heap before GC invocations=31 (full 2):
 PSYoungGen      total 18432K, used 6045K [0x00000000eab00000, 0x00000000ec000000, 0x0000000100000000)
  eden space 17920K, 33% used [0x00000000eab00000,0x00000000eb0d74d0,0x00000000ebc80000)
  from space 512K, 12% used [0x00000000ebf80000,0x00000000ebf90000,0x00000000ec000000)
  to   space 512K, 0% used [0x00000000ebf00000,0x00000000ebf00000,0x00000000ebf80000)
 ParOldGen       total 68608K, used 37700K [0x00000000c0000000, 0x00000000c4300000, 0x00000000eab00000)
  object space 68608K, 54% used [0x00000000c0000000,0x00000000c24d1160,0x00000000c4300000)
 Metaspace       used 58781K, committed 59776K, reserved 1114112K
  class space    used 6278K, committed 6784K, reserved 1048576K
}
Event: 13.329 GC heap after
{Heap after GC invocations=31 (full 2):
 PSYoungGen      total 18432K, used 288K [0x00000000eab00000, 0x00000000ec000000, 0x0000000100000000)
  eden space 17920K, 0% used [0x00000000eab00000,0x00000000eab00000,0x00000000ebc80000)
  from space 512K, 56% used [0x00000000ebf00000,0x00000000ebf48000,0x00000000ebf80000)
  to   space 512K, 0% used [0x00000000ebf80000,0x00000000ebf80000,0x00000000ec000000)
 ParOldGen       total 68608K, used 37740K [0x00000000c0000000, 0x00000000c4300000, 0x00000000eab00000)
  object space 68608K, 55% used [0x00000000c0000000,0x00000000c24db160,0x00000000c4300000)
 Metaspace       used 58781K, committed 59776K, reserved 1114112K
  class space    used 6278K, committed 6784K, reserved 1048576K
}
Event: 13.329 GC heap before
{Heap before GC invocations=32 (full 3):
 PSYoungGen      total 18432K, used 288K [0x00000000eab00000, 0x00000000ec000000, 0x0000000100000000)
  eden space 17920K, 0% used [0x00000000eab00000,0x00000000eab00000,0x00000000ebc80000)
  from space 512K, 56% used [0x00000000ebf00000,0x00000000ebf48000,0x00000000ebf80000)
  to   space 512K, 0% used [0x00000000ebf80000,0x00000000ebf80000,0x00000000ec000000)
 ParOldGen       total 68608K, used 37740K [0x00000000c0000000, 0x00000000c4300000, 0x00000000eab00000)
  object space 68608K, 55% used [0x00000000c0000000,0x00000000c24db160,0x00000000c4300000)
 Metaspace       used 58781K, committed 59776K, reserved 1114112K
  class space    used 6278K, committed 6784K, reserved 1048576K
}
Event: 13.443 GC heap after
{Heap after GC invocations=32 (full 3):
 PSYoungGen      total 18432K, used 0K [0x00000000eab00000, 0x00000000ec000000, 0x0000000100000000)
  eden space 17920K, 0% used [0x00000000eab00000,0x00000000eab00000,0x00000000ebc80000)
  from space 512K, 0% used [0x00000000ebf00000,0x00000000ebf00000,0x00000000ebf80000)
  to   space 512K, 0% used [0x00000000ebf80000,0x00000000ebf80000,0x00000000ec000000)
 ParOldGen       total 68608K, used 35654K [0x00000000c0000000, 0x00000000c4300000, 0x00000000eab00000)
  object space 68608K, 51% used [0x00000000c0000000,0x00000000c22d1a88,0x00000000c4300000)
 Metaspace       used 58757K, committed 59776K, reserved 1114112K
  class space    used 6272K, committed 6784K, reserved 1048576K
}
Event: 13.952 GC heap before
{Heap before GC invocations=33 (full 3):
 PSYoungGen      total 18432K, used 17917K [0x00000000eab00000, 0x00000000ec000000, 0x0000000100000000)
  eden space 17920K, 99% used [0x00000000eab00000,0x00000000ebc7f5e0,0x00000000ebc80000)
  from space 512K, 0% used [0x00000000ebf00000,0x00000000ebf00000,0x00000000ebf80000)
  to   space 512K, 0% used [0x00000000ebf80000,0x00000000ebf80000,0x00000000ec000000)
 ParOldGen       total 68608K, used 35654K [0x00000000c0000000, 0x00000000c4300000, 0x00000000eab00000)
  object space 68608K, 51% used [0x00000000c0000000,0x00000000c22d1a88,0x00000000c4300000)
 Metaspace       used 60662K, committed 61696K, reserved 1114112K
  class space    used 6485K, committed 6976K, reserved 1048576K
}
Event: 13.953 GC heap after
{Heap after GC invocations=33 (full 3):
 PSYoungGen      total 18432K, used 505K [0x00000000eab00000, 0x00000000ec000000, 0x0000000100000000)
  eden space 17920K, 0% used [0x00000000eab00000,0x00000000eab00000,0x00000000ebc80000)
  from space 512K, 98% used [0x00000000ebf80000,0x00000000ebffe6d0,0x00000000ec000000)
  to   space 1024K, 0% used [0x00000000ebe00000,0x00000000ebe00000,0x00000000ebf00000)
 ParOldGen       total 68608K, used 35678K [0x00000000c0000000, 0x00000000c4300000, 0x00000000eab00000)
  object space 68608K, 52% used [0x00000000c0000000,0x00000000c22d7a88,0x00000000c4300000)
 Metaspace       used 60662K, committed 61696K, reserved 1114112K
  class space    used 6485K, committed 6976K, reserved 1048576K
}
Event: 14.396 GC heap before
{Heap before GC invocations=34 (full 3):
 PSYoungGen      total 18432K, used 18425K [0x00000000eab00000, 0x00000000ec000000, 0x0000000100000000)
  eden space 17920K, 100% used [0x00000000eab00000,0x00000000ebc80000,0x00000000ebc80000)
  from space 512K, 98% used [0x00000000ebf80000,0x00000000ebffe6d0,0x00000000ec000000)
  to   space 1024K, 0% used [0x00000000ebe00000,0x00000000ebe00000,0x00000000ebf00000)
 ParOldGen       total 68608K, used 35678K [0x00000000c0000000, 0x00000000c4300000, 0x00000000eab00000)
  object space 68608K, 52% used [0x00000000c0000000,0x00000000c22d7a88,0x00000000c4300000)
 Metaspace       used 62820K, committed 63808K, reserved 1114112K
  class space    used 6698K, committed 7168K, reserved 1048576K
}
Event: 14.400 GC heap after
{Heap after GC invocations=34 (full 3):
 PSYoungGen      total 18944K, used 1014K [0x00000000eab00000, 0x00000000ec380000, 0x0000000100000000)
  eden space 17920K, 0% used [0x00000000eab00000,0x00000000eab00000,0x00000000ebc80000)
  from space 1024K, 99% used [0x00000000ebe00000,0x00000000ebefda50,0x00000000ebf00000)
  to   space 3584K, 0% used [0x00000000ec000000,0x00000000ec000000,0x00000000ec380000)
 ParOldGen       total 68608K, used 37474K [0x00000000c0000000, 0x00000000c4300000, 0x00000000eab00000)
  object space 68608K, 54% used [0x00000000c0000000,0x00000000c2498bd8,0x00000000c4300000)
 Metaspace       used 62820K, committed 63808K, reserved 1114112K
  class space    used 6698K, committed 7168K, reserved 1048576K
}
Event: 14.752 GC heap before
{Heap before GC invocations=35 (full 3):
 PSYoungGen      total 18944K, used 18934K [0x00000000eab00000, 0x00000000ec380000, 0x0000000100000000)
  eden space 17920K, 100% used [0x00000000eab00000,0x00000000ebc80000,0x00000000ebc80000)
  from space 1024K, 99% used [0x00000000ebe00000,0x00000000ebefda50,0x00000000ebf00000)
  to   space 3584K, 0% used [0x00000000ec000000,0x00000000ec000000,0x00000000ec380000)
 ParOldGen       total 68608K, used 37474K [0x00000000c0000000, 0x00000000c4300000, 0x00000000eab00000)
  object space 68608K, 54% used [0x00000000c0000000,0x00000000c2498bd8,0x00000000c4300000)
 Metaspace       used 64628K, committed 65664K, reserved 1114112K
  class space    used 6883K, committed 7360K, reserved 1048576K
}
Event: 14.756 GC heap after
{Heap after GC invocations=35 (full 3):
 PSYoungGen      total 20992K, used 2836K [0x00000000eab00000, 0x00000000ec300000, 0x0000000100000000)
  eden space 17920K, 0% used [0x00000000eab00000,0x00000000eab00000,0x00000000ebc80000)
  from space 3072K, 92% used [0x00000000ec000000,0x00000000ec2c52d8,0x00000000ec300000)
  to   space 3072K, 0% used [0x00000000ebd00000,0x00000000ebd00000,0x00000000ec000000)
 ParOldGen       total 68608K, used 39948K [0x00000000c0000000, 0x00000000c4300000, 0x00000000eab00000)
  object space 68608K, 58% used [0x00000000c0000000,0x00000000c27033d8,0x00000000c4300000)
 Metaspace       used 64628K, committed 65664K, reserved 1114112K
  class space    used 6883K, committed 7360K, reserved 1048576K
}

